[2026-03-19T21:31:19.032750+00:00] logger.DEBUG: DEBUG MESSAGE. Wrong login or password: login - dsds, password - sds [] []
[2026-03-19T21:32:12.047680+00:00] logger.DEBUG: 'DEBUG MESSAGE. 'Wrong login or password: login - gfgjkjkhj, password - lk;k;lk [] []
[2026-03-19T21:33:36.285052+00:00] logger.DEBUG: 'DEBUG' MESSAGE. Wrong login or password: login - avbvv, password - vbrrf [] []
[2026-03-19T21:35:25.967203+00:00] logger.ALERT: ALERT MESSAGE. Wrong login or password: login - sdbvnb, password - 3r445 [] []
[2026-03-19T21:41:59.564774+00:00] logger.INFO: INFO MESSAGE. Wrong login or password: login - dsds, password - ghfghghf [] []
[2026-03-19T21:42:05.416527+00:00] logger.INFO: INFO MESSAGE. Wrong login or password: login - gfgh, password - ssdas [] []
[2026-03-19T21:42:46.603164+00:00] logger.WARNING: WARNING MESSAGE. CSRF токен не валидный [] []
[2026-03-20T12:19:00.064120+00:00] logger.WARNING: WARNING MESSAGE. CSRF токен не валидный [] []
[2026-03-20T12:21:18.265814+00:00] logger.INFO: INFO MESSAGE. Wrong login or password: login - ddfsasdsa, password - ASASAas [] []
[2026-03-20T12:21:57.171993+00:00] logger.INFO: INFO MESSAGE. Wrong login or password: login - sds, password - sdasas [] []
[2026-03-20T12:48:51.534988+00:00] logger.INFO: INFO MESSAGE. Wrong login or password: login - uservkkk, password - dsds [] []
[2026-03-20T13:15:59.335444+00:00] logger.INFO: INFO MESSAGE. Wrong login or password: login - asas, password - aasasa [] []
[2026-03-20T10:29:33.110293+00:00] logger.WARNING: WARNING MESSAGE. Registration CSRF токен не валидный [] []
[2026-03-20T10:34:21.167867+00:00] logger.WARNING: WARNING MESSAGE. Registration: CSRF токен не валидный [] []
[2026-03-20T10:45:36.291705+00:00] logger.WARNING: WARNING MESSAGE. Пароль должен быть не меньше 8-ми символов и не больше 20 [] []
[2026-03-20T10:45:36.298073+00:00] logger.WARNING: WARNING MESSAGE. Пароли не совпадают [] []
[2026-03-20T10:46:20.104374+00:00] logger.WARNING: WARNING MESSAGE. Пароль должен быть не меньше 8-ми символов и не больше 20 [] []
[2026-03-20T10:46:20.105645+00:00] logger.WARNING: WARNING MESSAGE. Пароли не совпадают [] []
[2026-03-20T10:46:20.106154+00:00] logger.WARNING: WARNING MESSAGE. Такой пользователь уже существует [] []
[2026-03-20T10:50:00.449816+00:00] logger.WARNING: WARNING MESSAGE. Registration: Пароль должен быть не меньше 8-ми символов и не больше 20login - test, password - sddsds [] []
[2026-03-20T10:50:00.452605+00:00] logger.WARNING: WARNING MESSAGE. Registration: Пароли не совпадаютlogin - test, password - sddsds [] []
[2026-03-20T10:50:00.455823+00:00] logger.WARNING: WARNING MESSAGE. Registration: Такой пользователь уже существуетlogin - test, password - sddsds [] []
[2026-03-20T10:51:50.956743+00:00] logger.WARNING: WARNING MESSAGE. Registration: Пароль должен быть не меньше 8-ми символов и не больше 20, login - test, password - ghgf [] []
[2026-03-20T10:51:50.958434+00:00] logger.WARNING: WARNING MESSAGE. Registration: Пароли не совпадают, login - test, password - ghgf [] []
[2026-03-20T10:51:50.959154+00:00] logger.WARNING: WARNING MESSAGE. Registration: Такой пользователь уже существует, login - test, password - ghgf [] []
[2026-03-20T12:02:00.039762+00:00] logger.WARNING: WARNING MESSAGE. Login: CSRF токен не валидный [] []
[2026-03-20T12:04:58.193420+00:00] logger.WARNING: WARNING MESSAGE. Login: CSRF токен не валидный [] []
[2026-03-20T12:05:49.489353+00:00] logger.WARNING: WARNING MESSAGE. Login: CSRF токен не валидный [] []
[2026-03-20T12:05:59.498718+00:00] logger.WARNING: WARNING MESSAGE. Login: CSRF токен не валидный [] []
[2026-03-21T09:41:11.144020+00:00] logger.WARNING: WARNING MESSAGE. Login: CSRF токен не валидный [] []
[2026-03-21T12:52:55.885968+00:00] logger.INFO: INFO MESSAGE. Error VK ID registration: user already registered:  [] []
[2026-03-21T12:57:26.452130+00:00] logger.INFO: INFO MESSAGE. Error VK ID registration: user already registered [] []
[2026-03-21T13:12:16.154044+00:00] logger.INFO: INFO MESSAGE. Error VK ID registration: user already registered [] []
[2026-03-21T13:13:20.757307+00:00] logger.INFO: INFO MESSAGE. Error VK ID registration: user already registered [] []
[2026-03-21T13:13:28.727806+00:00] logger.INFO: INFO MESSAGE. Error VK ID registration: user already registered [] []
[2026-03-21T13:13:44.840817+00:00] logger.INFO: INFO MESSAGE. Wrong login or password: login - admin, password - admin [] []
[2026-03-21T13:17:12.943201+00:00] logger.INFO: INFO MESSAGE. Error VK ID login: no such user [] []
[2026-03-21T13:18:49.799587+00:00] logger.INFO: INFO MESSAGE. Error VK ID registration: user already registered [] []
[2026-03-21T13:20:50.693105+00:00] logger.INFO: INFO MESSAGE. Error VK ID login: no such user [] []
[2026-03-21T13:21:38.131199+00:00] logger.INFO: INFO MESSAGE. Error VK ID registration: user already registered [] []
[2026-03-21T13:34:14.320136+00:00] logger.INFO: INFO MESSAGE. Error VK ID registration: user already registered [] []
[2026-03-21T13:34:34.457517+00:00] logger.INFO: INFO MESSAGE. Error VK ID registration: user already registered [] []
[2026-03-21T13:34:41.924760+00:00] logger.INFO: INFO MESSAGE. Error VK ID registration: user already registered [] []
[2026-03-21T13:39:55.181774+00:00] logger.INFO: INFO MESSAGE. Error VK ID registration: user already registered [] []
[2026-03-21T19:17:53.171724+00:00] logger.WARNING: WARNING MESSAGE. VK ID registration: CSRF токен не валидный [] []
[2026-03-21T19:19:40.376412+00:00] logger.WARNING: WARNING MESSAGE. VK ID registration: CSRF токен не валидный [] []
[2026-03-21T19:19:47.808653+00:00] logger.WARNING: WARNING MESSAGE. VK ID registration: CSRF токен не валидный [] []
[2026-03-21T19:21:50.026699+00:00] logger.WARNING: WARNING MESSAGE. VK ID registration: CSRF токен не валидный [] []
[2026-03-21T19:24:58.935628+00:00] logger.INFO: INFO MESSAGE. Error VK ID registration: user already registered 1105638505 [] []
[2026-03-21T19:26:04.153086+00:00] logger.INFO: INFO MESSAGE. Error VK ID registration: user already registered 1105638505 [] []
[2026-03-21T19:58:45.423937+00:00] logger.INFO: INFO MESSAGE. Error VK ID registration: user already registered 1105638505 [] []
[2026-03-21T19:59:57.466612+00:00] logger.INFO: INFO MESSAGE. Error VK ID registration: user already registered 1105638505 [] []
[2026-03-21T20:00:38.015201+00:00] logger.INFO: INFO MESSAGE. Wrong login or password: login - user, password - user [] []
[2026-03-21T20:06:03.975924+00:00] logger.INFO: INFO MESSAGE. Error VK ID login: no such user [] []
[2026-03-21T20:06:26.969690+00:00] logger.WARNING: WARNING MESSAGE. Login: CSRF токен не валидный [] []
[2026-03-21T20:06:35.577397+00:00] logger.INFO: INFO MESSAGE. Error VK ID login: no such user [] []
[2026-03-21T20:08:06.661035+00:00] logger.INFO: INFO MESSAGE. Error VK ID login: no such user [] []
[2026-03-21T20:08:20.640809+00:00] logger.INFO: INFO MESSAGE. Error VK ID login: no such user [] []
[2026-03-21T20:12:14.844164+00:00] logger.INFO: INFO MESSAGE. Error VK ID login: no such user [] []
[2026-03-21T20:34:52.905314+00:00] logger.INFO: INFO MESSAGE. Error VK ID registration: user already registered vkid - 1105638505 [] []
[2026-03-21T20:43:04.554611+00:00] logger.INFO: INFO MESSAGE. Error VK ID registration: user already registered vkid - 1105638505, email - example@example.com [] []
[2026-03-21T20:58:37.940133+00:00] logger.WARNING: WARNING MESSAGE. VK ID registration: CSRF токен не валидный [] []
[2026-03-21T20:59:09.854259+00:00] logger.INFO: INFO MESSAGE. Error VK ID registration: user already registered vkid - 1105638505, email - example@example.com [] []
[2026-03-23T15:29:39.142886+00:00] logger.INFO: INFO MESSAGE. Error VK ID registration: user already registered vkid - 1105638505, email - example@example.com [] []
[2026-03-23T16:52:39.786171+00:00] logger.INFO: INFO MESSAGE. Error VK ID registration: user already registered vkid - 1105638505, email - example@example.com [] []
[2026-03-23T16:53:39.371630+00:00] logger.INFO: INFO MESSAGE. Wrong login or password: login - admin, password - admin [] []
[2026-03-23T16:53:46.914298+00:00] logger.INFO: INFO MESSAGE. Wrong login or password: login - admin, password - admin [] []
[2026-03-23T16:53:59.149136+00:00] logger.INFO: INFO MESSAGE. Wrong login or password: login - admin, password - admin [] []
[2026-03-23T16:56:14.438777+00:00] logger.INFO: INFO MESSAGE. Wrong login or password: login - admin, password - admin [] []
[2026-03-23T16:56:29.186004+00:00] logger.INFO: INFO MESSAGE. Wrong login or password: login - admin, password - admin [] []
[2026-03-23T16:57:50.666121+00:00] logger.INFO: INFO MESSAGE. Registration: Такой пользователь уже существует, login - admin, password - admin1234 [] []
[2026-03-23T16:58:04.595388+00:00] logger.INFO: INFO MESSAGE. Wrong login or password: login - admin, password - admin [] []
[2026-03-23T16:58:30.407832+00:00] logger.INFO: INFO MESSAGE. Wrong login or password: login - admin, password - admin [] []
[2026-03-23T17:01:17.880767+00:00] logger.INFO: INFO MESSAGE. Wrong login or password: login - admin, password - user [] []
[2026-03-23T17:01:26.264225+00:00] logger.INFO: INFO MESSAGE. Wrong login or password: login - admin, password - admin [] []
[2026-03-23T17:20:13.906066+00:00] logger.INFO: INFO MESSAGE. Error VK ID login: no such user vkid - 1105638505 [] []
[2026-03-23T17:58:45.433021+00:00] logger.INFO: INFO MESSAGE. Error VK ID login: no such user vkid - 1105638505 [] []
[2026-03-23T17:59:12.914417+00:00] logger.WARNING: WARNING MESSAGE. Login: CSRF токен не валидный [] []
[2026-03-23T17:59:15.942389+00:00] logger.WARNING: WARNING MESSAGE. Login: CSRF токен не валидный [] []
[2026-03-23T18:32:38.483294+00:00] logger.INFO: INFO MESSAGE. Wrong login or password: login - uservk, password - user [] []
[2026-03-23T18:33:54.672972+00:00] logger.INFO: INFO MESSAGE. Registration: Пользователь с таким email уже существует, login - test, password - test1234 [] []
[2026-03-23T18:39:49.858375+00:00] logger.INFO: INFO MESSAGE. Error VK ID registration: user already registered vkid - 1105638505, email - example@example.com [] []
