[2026-03-19T21:42:46.603164+00:00] logger.WARNING: WARNING MESSAGE. CSRF токен не валидный [] []
[2026-03-20T12:19:00.064120+00:00] logger.WARNING: WARNING MESSAGE. CSRF токен не валидный [] []
[2026-03-20T10:29:33.110293+00:00] logger.WARNING: WARNING MESSAGE. Registration CSRF токен не валидный [] []
[2026-03-20T10:34:21.167867+00:00] logger.WARNING: WARNING MESSAGE. Registration: CSRF токен не валидный [] []
[2026-03-20T10:45:36.291705+00:00] logger.WARNING: WARNING MESSAGE. Пароль должен быть не меньше 8-ми символов и не больше 20 [] []
[2026-03-20T10:45:36.298073+00:00] logger.WARNING: WARNING MESSAGE. Пароли не совпадают [] []
[2026-03-20T10:46:20.104374+00:00] logger.WARNING: WARNING MESSAGE. Пароль должен быть не меньше 8-ми символов и не больше 20 [] []
[2026-03-20T10:46:20.105645+00:00] logger.WARNING: WARNING MESSAGE. Пароли не совпадают [] []
[2026-03-20T10:46:20.106154+00:00] logger.WARNING: WARNING MESSAGE. Такой пользователь уже существует [] []
[2026-03-20T10:50:00.449816+00:00] logger.WARNING: WARNING MESSAGE. Registration: Пароль должен быть не меньше 8-ми символов и не больше 20login - test, password - sddsds [] []
[2026-03-20T10:50:00.452605+00:00] logger.WARNING: WARNING MESSAGE. Registration: Пароли не совпадаютlogin - test, password - sddsds [] []
[2026-03-20T10:50:00.455823+00:00] logger.WARNING: WARNING MESSAGE. Registration: Такой пользователь уже существуетlogin - test, password - sddsds [] []
[2026-03-20T10:51:50.956743+00:00] logger.WARNING: WARNING MESSAGE. Registration: Пароль должен быть не меньше 8-ми символов и не больше 20, login - test, password - ghgf [] []
[2026-03-20T10:51:50.958434+00:00] logger.WARNING: WARNING MESSAGE. Registration: Пароли не совпадают, login - test, password - ghgf [] []
[2026-03-20T10:51:50.959154+00:00] logger.WARNING: WARNING MESSAGE. Registration: Такой пользователь уже существует, login - test, password - ghgf [] []
[2026-03-20T12:02:00.039762+00:00] logger.WARNING: WARNING MESSAGE. Login: CSRF токен не валидный [] []
[2026-03-20T12:04:58.193420+00:00] logger.WARNING: WARNING MESSAGE. Login: CSRF токен не валидный [] []
[2026-03-20T12:05:49.489353+00:00] logger.WARNING: WARNING MESSAGE. Login: CSRF токен не валидный [] []
[2026-03-20T12:05:59.498718+00:00] logger.WARNING: WARNING MESSAGE. Login: CSRF токен не валидный [] []
[2026-03-21T09:41:11.144020+00:00] logger.WARNING: WARNING MESSAGE. Login: CSRF токен не валидный [] []
[2026-03-21T19:17:53.171724+00:00] logger.WARNING: WARNING MESSAGE. VK ID registration: CSRF токен не валидный [] []
[2026-03-21T19:19:40.376412+00:00] logger.WARNING: WARNING MESSAGE. VK ID registration: CSRF токен не валидный [] []
[2026-03-21T19:19:47.808653+00:00] logger.WARNING: WARNING MESSAGE. VK ID registration: CSRF токен не валидный [] []
[2026-03-21T19:21:50.026699+00:00] logger.WARNING: WARNING MESSAGE. VK ID registration: CSRF токен не валидный [] []
[2026-03-21T20:06:26.969690+00:00] logger.WARNING: WARNING MESSAGE. Login: CSRF токен не валидный [] []
[2026-03-21T20:58:37.940133+00:00] logger.WARNING: WARNING MESSAGE. VK ID registration: CSRF токен не валидный [] []
[2026-03-23T17:59:12.914417+00:00] logger.WARNING: WARNING MESSAGE. Login: CSRF токен не валидный [] []
[2026-03-23T17:59:15.942389+00:00] logger.WARNING: WARNING MESSAGE. Login: CSRF токен не валидный [] []
